00:25:10.354 ../plymouth/src/main.c:2074:check_logging                     : checking if console messages should be redirected and logged
00:25:10.354 ../plymouth/src/main.c:2086:check_logging                     : logging will be enabled!
00:25:10.354 ../plymouth/src/main.c:2158:initialize_environment            : source built on May 30 2026
00:25:10.354 ../plymouth/src/main.c:2168:initialize_environment            : Making sure /run/plymouth exists
00:25:10.354 ../plymouth/src/libply/ply-utils.c:639:ply_create_directory   : directory '/run/plymouth' already exists
00:25:10.354 ../plymouth/src/main.c:2172:initialize_environment            : initialized minimal work environment
00:25:10.354 ../plymouth/src/main.c:740:get_cache_file_for_mode            : returning cache file '/var/lib/plymouth/boot-duration'
00:25:10.354 ../plymouth/src/main.c:315:load_settings                      : Trying to load /etc/plymouth/plymouthd.conf
00:25:10.354 ../plymouth/src/libply/ply-key-file.c:174:ply_key_file_load_gr: trying to load group Daemon
00:25:10.354 ../plymouth/src/libply/ply-key-file.c:264:ply_key_file_load_gr: key file has no more groups
00:25:10.354 ../plymouth/src/libply/ply-key-file.c:361:ply_key_file_get_raw: key file does not have entry for key 'ThemeDir'
00:25:10.354 ../plymouth/src/main.c:298:get_theme_path                     : Theme /run/plymouth/themes//Arch-Plymouth/Arch-Plymouth.plymouth not found
00:25:10.354 ../plymouth/src/main.c:295:get_theme_path                     : Theme is /usr/share/plymouth/themes//Arch-Plymouth/Arch-Plymouth.plymouth
00:25:10.354 ../plymouth/src/main.c:333:load_settings                      : Splash delay is set to 0.000000
00:25:10.354 ../plymouth/src/main.c:338:load_settings                      : Device timeout is set to 8.000000
00:25:10.354 ../plymouth/src/libply/ply-key-file.c:361:ply_key_file_get_raw: key file does not have entry for key 'DeviceScale'
00:25:10.354 ../plymouth/src/libply/ply-key-file.c:361:ply_key_file_get_raw: key file does not have entry for key 'XkbExtraEscButton'
00:25:10.354 ../plymouth/src/libply/ply-key-file.c:361:ply_key_file_get_raw: key file does not have entry for key 'UseSimpledrm'
00:25:10.354 ../plymouth/src/libply/ply-key-file.c:361:ply_key_file_get_raw: key file does not have entry for key 'UseSimpledrmNoLuks'
00:25:10.354 ../plymouth/src/main.c:458:find_system_default_splash         : System configured theme file is '/usr/share/plymouth/themes//Arch-Plymouth/Arch-Plymouth.plymouth'
00:25:10.354 ../plymouth/src/main.c:315:load_settings                      : Trying to load /run/plymouth/plymouthd.defaults
00:25:10.354 ../plymouth/src/libply/ply-key-file.c:83:ply_key_file_open_fil: Failed to open key file /run/plymouth/plymouthd.defaults: No such file or directory
00:25:10.354 ../plymouth/src/main.c:468:find_distribution_default_splash   : failed to load /run/plymouth/plymouthd.defaults, trying /usr/share/plymouth/
00:25:10.354 ../plymouth/src/main.c:315:load_settings                      : Trying to load /usr/share/plymouth/plymouthd.defaults
00:25:10.354 ../plymouth/src/libply/ply-key-file.c:174:ply_key_file_load_gr: trying to load group Daemon
00:25:10.354 ../plymouth/src/libply/ply-key-file.c:264:ply_key_file_load_gr: key file has no more groups
00:25:10.354 ../plymouth/src/libply/ply-key-file.c:361:ply_key_file_get_raw: key file does not have entry for key 'ThemeDir'
00:25:10.354 ../plymouth/src/main.c:298:get_theme_path                     : Theme /run/plymouth/themes//bgrt/bgrt.plymouth not found
00:25:10.354 ../plymouth/src/main.c:295:get_theme_path                     : Theme is /usr/share/plymouth/themes//bgrt/bgrt.plymouth
00:25:10.354 ../plymouth/src/libply/ply-key-file.c:361:ply_key_file_get_raw: key file does not have entry for key 'DeviceScale'
00:25:10.354 ../plymouth/src/libply/ply-key-file.c:361:ply_key_file_get_raw: key file does not have entry for key 'XkbExtraEscButton'
00:25:10.354 ../plymouth/src/libply/ply-key-file.c:361:ply_key_file_get_raw: key file does not have entry for key 'UseSimpledrm'
00:25:10.354 ../plymouth/src/libply/ply-key-file.c:361:ply_key_file_get_raw: key file does not have entry for key 'UseSimpledrmNoLuks'
00:25:10.354 ../plymouth/src/main.c:476:find_distribution_default_splash   : Distribution default theme file is '/usr/share/plymouth/themes//bgrt/bgrt.plymouth'
00:25:10.354 ../plymouth/src/main.c:932:plymouth_should_show_default_splash: checking if plymouth should show default splash
00:25:10.354 ../plymouth/src/main.c:960:plymouth_should_show_default_splash: using default splash because kernel command line has option "splash"
00:25:10.354 ../plymouth/src/libply/ply-key-file.c:174:ply_key_file_load_gr: trying to load group NONE
00:25:10.354 ../plymouth/src/libply/ply-key-file.c:361:ply_key_file_get_raw: key file does not have entry for key 'XKBVARIANT'
00:25:10.354 ../plymouth/src/libply-splash-core/ply-device-manager.c:834:pa: KEYMAP: us, XKBLAYOUT: us, XKBMODEL pc105+inet, XKBVARIANT: (null), XKBOPTIONS: terminate:ctrl_alt_bksp

00:25:10.356 ../plymouth/src/libply-splash-core/ply-terminal.c:144:ply_term: terminal /dev/tty keymap: us
00:25:10.356 ../plymouth/src/libply-splash-core/ply-terminal.c:650:ply_term: trying to open terminal '/dev/tty'
00:25:10.356 ../plymouth/src/libply-splash-core/ply-terminal.c:443:ply_term: looking up terminal text geometry
00:25:10.356 ../plymouth/src/libply-splash-core/ply-terminal.c:455:ply_term: terminal is now 161x7 text cells
00:25:10.356 ../plymouth/src/libply-splash-core/ply-device-manager.c:1208:c: checking for consoles
00:25:10.356 ../plymouth/src/libply-splash-core/ply-device-manager.c:949:ad: opening /sys/class/tty/console/active
00:25:10.356 ../plymouth/src/libply-splash-core/ply-device-manager.c:957:ad: reading file
00:25:10.356 ../plymouth/src/libply-splash-core/ply-device-manager.c:997:ad: console /dev/tty found!
00:25:10.356 ../plymouth/src/libply-splash-core/ply-device-manager.c:1309:p: udev support disabled, creating fallback devices
00:25:10.356 ../plymouth/src/libply-splash-core/ply-device-manager.c:1114:c: creating devices for  (renderer type: 0) (terminal: /dev/tty)
00:25:10.356 ../plymouth/src/libply-splash-core/ply-renderer.c:247:ply_rend: trying to open renderer plugin /usr/lib/plymouth/renderers/x11.so
00:25:10.369 ../plymouth/src/libply-splash-core/ply-renderer.c:267:ply_rend: opened renderer plugin /usr/lib/plymouth/renderers/x11.so
00:25:10.369 ../plymouth/src/main.c:1105:on_keyboard_added                 : listening for keystrokes
00:25:10.369 ../plymouth/src/main.c:1109:on_keyboard_added                 : listening for escape
00:25:10.369 ../plymouth/src/main.c:1113:on_keyboard_added                 : listening for backspace
00:25:10.369 ../plymouth/src/main.c:1117:on_keyboard_added                 : listening for enter
00:25:10.369 ../plymouth/src/libply-splash-core/ply-device-manager.c:1022:c: Adding displays for 1 heads
00:25:10.369 ../plymouth/src/libply-splash-core/ply-terminal.c:443:ply_term: looking up terminal text geometry
00:25:10.369 ../plymouth/src/libply-splash-core/ply-terminal.c:455:ply_term: terminal is now 161x7 text cells
00:25:10.369 ../plymouth/src/libply-splash-core/ply-device-manager.c:1058:c: adding text display for terminal /dev/tty
00:25:10.369 ../plymouth/src/main.c:2618:main                              : entering event loop
00:25:11.363 ../plymouth/src/ply-boot-server.c:395:print_connection_process: connection is from pid 8402 (plymouth --show-splash) with parent pid 8401 (sudo DISPLAY=:1 XAUTHORITY= plymouth --show-splash)
00:25:11.363 ../plymouth/src/ply-boot-server.c:494:ply_boot_connection_on_r: got show splash request
00:25:11.363 ../plymouth/src/main.c:887:plymouth_should_ignore_show_splash_: checking if plymouth should be running
00:25:11.363 ../plymouth/src/main.c:1054:on_show_splash                    : at least one display already available, so loading splash
00:25:11.363 ../plymouth/src/main.c:932:plymouth_should_show_default_splash: checking if plymouth should show default splash
00:25:11.363 ../plymouth/src/main.c:960:plymouth_should_show_default_splash: using default splash because kernel command line has option "splash"
00:25:11.363 ../plymouth/src/main.c:485:show_default_splash                : Showing splash screen
00:25:11.363 ../plymouth/src/main.c:493:show_default_splash                : Trying system default splash
00:25:11.363 ../plymouth/src/main.c:1852:load_theme                        : Loading boot splash theme '/usr/share/plymouth/themes//Arch-Plymouth/Arch-Plymouth.plymouth'
00:25:11.363 ../plymouth/src/libply/ply-key-file.c:174:ply_key_file_load_gr: trying to load group Plymouth Theme
00:25:11.363 ../plymouth/src/libply/ply-key-file.c:174:ply_key_file_load_gr: trying to load group script
00:25:11.363 ../plymouth/src/libply/ply-key-file.c:264:ply_key_file_load_gr: key file has no more groups
00:25:11.363 ../plymouth/src/libply/ply-key-file.c:361:ply_key_file_get_raw: key file does not have entry for key 'MonospaceFont'
00:25:11.363 ../plymouth/src/libply/ply-key-file.c:361:ply_key_file_get_raw: key file does not have entry for key 'ConsoleLogTextColor'
00:25:11.363 ../plymouth/src/libply/ply-key-file.c:361:ply_key_file_get_raw: key file does not have entry for key 'ConsoleLogBackgroundColor'
00:25:11.363 ../plymouth/src/main.c:1868:load_theme                        : attaching plugin to event loop
00:25:11.363 ../plymouth/src/main.c:1871:load_theme                        : attaching progress to plugin
00:25:11.363 ../plymouth/src/libply-splash-core/ply-boot-splash.c:142:ply_b: adding 1920x1080 pixel display
00:25:11.363 ../plymouth/src/libply-splash-core/ply-device-manager.c:1373:p: activating renderers
00:25:11.363 ../plymouth/src/libply-splash-core/ply-boot-splash.c:547:ply_b: showing splash screen
00:25:11.368 ../plymouth/src/plugins/controls/label-pango/plugin.c:325:size: Text ' ' has dimensions 4x23
00:25:11.368 ../plymouth/src/plugins/controls/label-pango/plugin.c:325:size: Text ' ' has dimensions 4x23
00:25:11.368 ../plymouth/src/libply-splash-graphics/ply-console-viewer.c:85: Using console viewer instead of kernel framebuffer console
00:25:11.368 ../plymouth/src/libply-splash-graphics/ply-label.c:89:ply_labe: Unloading label control plugin
00:25:11.368 ../plymouth/src/plugins/splash/script/plugin.c:511:show_splash: starting boot animation
00:25:11.368 ../plymouth/src/plugins/splash/script/plugin.c:375:start_anima: parsing script file
00:25:11.371 ../plymouth/src/plugins/controls/label-pango/plugin.c:325:size: Text ' ' has dimensions 8x19
00:25:11.371 ../plymouth/src/plugins/controls/label-pango/plugin.c:325:size: Text ' ' has dimensions 8x19
00:25:11.371 ../plymouth/src/libply-splash-graphics/ply-label.c:89:ply_labe: Unloading label control plugin
00:25:11.371 ../plymouth/src/plugins/splash/script/plugin.c:352:start_scrip: executing script file
00:25:11.399 ../plymouth/src/libply-splash-core/ply-boot-splash.c:560:ply_b: (this is an initial showing)
00:25:11.399 ../plymouth/src/libply-splash-core/ply-boot-splash.c:564:ply_b: Pausing 1 already added displays
00:25:11.399 ../plymouth/src/libply-splash-core/ply-device-manager.c:1406:p: activating keyboards
00:25:11.399 ../plymouth/src/libply-splash-core/ply-keyboard.c:376:ply_keyb: Watching for keyboard input from renderer
00:25:11.407 ../plymouth/src/libply/ply-event-loop.c:1142:ply_event_loop_fr: freeing destination (1, 0x5620f0acc640, 0x5620f0ad0060) of fd 10
00:25:21.417 ../plymouth/src/ply-boot-server.c:395:print_connection_process: connection is from pid 8444 (plymouth --quit) with parent pid 8443 (sudo DISPLAY=:1 XAUTHORITY= plymouth --quit)
00:25:21.417 ../plymouth/src/ply-boot-server.c:532:ply_boot_connection_on_r: got quit request
00:25:21.417 ../plymouth/src/main.c:1459:on_quit                           : quitting (retain splash: false)
00:25:21.417 ../plymouth/src/main.c:1476:on_quit                           : system not initialized so skipping saving boot-duration file
00:25:21.417 ../plymouth/src/main.c:1481:on_quit                           : closing log
00:25:21.417 ../plymouth/src/libply-splash-core/ply-device-manager.c:1428:p: deactivating keyboards
00:25:21.417 ../plymouth/src/libply-splash-core/ply-keyboard.c:395:ply_keyb: No longer watching for keyboard input from renderer
00:25:21.417 ../plymouth/src/main.c:1487:on_quit                           : unloading splash
00:25:21.417 ../plymouth/src/libply-splash-core/ply-boot-splash.c:801:ply_b: telling splash to become idle
00:25:21.417 ../plymouth/src/libply-splash-core/ply-boot-splash.c:777:on_id: splash now idle
00:25:21.427 ../plymouth/src/main.c:1362:on_boot_splash_idle               : boot splash idle
00:25:21.427 ../plymouth/src/main.c:1369:on_boot_splash_idle               : hiding splash
00:25:21.427 ../plymouth/src/libply/ply-event-loop.c:971:ply_event_loop_sto: no matching timeout found for removal
00:25:21.428 ../plymouth/src/main.c:1373:on_boot_splash_idle               : quitting splash
00:25:21.428 ../plymouth/src/main.c:1238:quit_splash                       : quitting splash
00:25:21.428 ../plymouth/src/main.c:1240:quit_splash                       : freeing splash
00:25:21.428 ../plymouth/src/libply-splash-core/ply-boot-splash.c:405:ply_b: freeing splash
00:25:21.428 ../plymouth/src/libply/ply-event-loop.c:971:ply_event_loop_sto: no matching timeout found for removal
00:25:21.428 ../plymouth/src/libply-splash-core/ply-boot-splash.c:350:remov: removing pixel displays
00:25:21.428 ../plymouth/src/libply-splash-core/ply-boot-splash.c:364:remov: Removing 1920x1080 pixel display
00:25:21.428 ../plymouth/src/libply-splash-core/ply-device-manager.c:1428:p: deactivating keyboards
00:25:21.428 ../plymouth/src/main.c:1249:quit_splash                       : Not retaining splash, so deallocating VT
00:25:21.428 ../plymouth/src/libply-splash-core/ply-terminal.c:976:ply_term: terminal is not for a VT
00:25:21.428 ../plymouth/src/libply-splash-core/ply-terminal.c:719:ply_term: restoring color palette
00:25:21.428 ../plymouth/src/libply-splash-core/ply-terminal.c:723:ply_term: stop watching tty fd
00:25:21.428 ../plymouth/src/libply/ply-event-loop.c:765:ply_event_loop_sto: stopping watching fd 8
00:25:21.428 ../plymouth/src/libply/ply-event-loop.c:781:ply_event_loop_sto: removing destination for fd 8
00:25:21.428 ../plymouth/src/libply/ply-event-loop.c:790:ply_event_loop_sto: no more destinations remaing for fd 8, removing source
00:25:21.428 ../plymouth/src/libply-splash-core/ply-terminal.c:729:ply_term: stop watching SIGWINCH signal
00:25:21.428 ../plymouth/src/libply-splash-core/ply-terminal.c:733:ply_term: setting buffered input
00:25:21.428 ../plymouth/src/main.c:1375:on_boot_splash_idle               : quitting program
00:25:21.428 ../plymouth/src/main.c:1304:quit_program                      : cleaning up devices
00:25:21.428 ../plymouth/src/libply-splash-core/ply-device-manager.c:901:pl: freeing device manager
00:25:21.428 ../plymouth/src/libply-splash-core/ply-renderer.c:94:ply_rende: Unloading renderer backend plugin
00:25:21.428 ../plymouth/src/libply/ply-event-loop.c:971:ply_event_loop_sto: no matching timeout found for removal
00:25:21.428 ../plymouth/src/main.c:1307:quit_program                      : exiting event loop
00:25:21.428 ../plymouth/src/ply-boot-server.c:349:ply_boot_connection_on_q: quit complete
00:25:21.428 ../plymouth/src/main.c:2620:main                              : exited event loop
00:25:21.428 ../plymouth/src/libply-splash-core/ply-boot-splash.c:405:ply_b: freeing splash
00:25:21.428 ../plymouth/src/main.c:2630:main                              : freeing terminal session
00:25:21.428 ../plymouth/src/main.c:2636:main                              : exiting with code 0
